<?xml version="1.0" encoding="UTF-8"?>
<testng-results skipped="0" failed="0" ignored="2" total="7" passed="5">
  <reporter-output>
  </reporter-output>
  <suite name="Automation_Selenium" duration-ms="134659" started-at="2021-05-06T01:56:09Z" finished-at="2021-05-06T01:58:24Z">
    <groups>
    </groups>
    <test name="Test_nuevo" duration-ms="134659" started-at="2021-05-06T01:56:09Z" finished-at="2021-05-06T01:58:24Z">
      <class name="tests.loginTest">
        <test-method status="PASS" signature="configExtentReports()[pri:0, instance:tests.loginTest@5f341870]" name="configExtentReports" is-config="true" duration-ms="425" started-at="2021-05-06T01:56:09Z" finished-at="2021-05-06T01:56:09Z">
          <reporter-output>
          </reporter-output>
        </test-method> <!-- configExtentReports -->
        <test-method status="PASS" signature="agregarblusa(java.lang.String)[pri:0, instance:tests.loginTest@5f341870]" name="agregarblusa" duration-ms="33503" started-at="2021-05-06T01:56:09Z" finished-at="2021-05-06T01:56:43Z">
          <params>
            <param index="0">
              <value>
                <![CDATA[http://automationpractice.com/index.php]]>
              </value>
            </param>
          </params>
          <reporter-output>
          </reporter-output>
        </test-method> <!-- agregarblusa -->
        <test-method status="PASS" signature="afterMethod(org.testng.ITestResult)[pri:0, instance:tests.loginTest@5f341870]" name="afterMethod" is-config="true" duration-ms="6" started-at="2021-05-06T01:56:43Z" finished-at="2021-05-06T01:56:43Z">
          <params>
            <param index="0">
              <value>
                <![CDATA[[TestResult name=agregarblusa status=SUCCESS method=loginTest.agregarblusa(java.lang.String)[pri:0, instance:tests.loginTest@5f341870] output={null}]]]>
              </value>
            </param>
          </params>
          <reporter-output>
          </reporter-output>
        </test-method> <!-- afterMethod -->
        <test-method status="PASS" signature="crearcuenta(java.lang.String, java.lang.String, java.lang.String, java.lang.String, java.lang.String, java.lang.String, java.lang.String, java.lang.String, java.lang.String, java.lang.String, java.lang.String, java.lang.String, java.lang.String, java.lang.String, java.lang.String, java.lang.String)[pri:0, instance:tests.loginTest@5f341870]" name="crearcuenta" duration-ms="36883" started-at="2021-05-06T01:56:43Z" data-provider="datos" finished-at="2021-05-06T01:57:20Z">
          <params>
            <param index="0">
              <value>
                <![CDATA[correoprueba6@gmail.com]]>
              </value>
            </param>
            <param index="1">
              <value>
                <![CDATA[Ana]]>
              </value>
            </param>
            <param index="2">
              <value>
                <![CDATA[Suarez]]>
              </value>
            </param>
            <param index="3">
              <value>
                <![CDATA[345678.0]]>
              </value>
            </param>
            <param index="4">
              <value>
                <![CDATA[2.0]]>
              </value>
            </param>
            <param index="5">
              <value>
                <![CDATA[4.0]]>
              </value>
            </param>
            <param index="6">
              <value>
                <![CDATA[1981.0]]>
              </value>
            </param>
            <param index="7">
              <value>
                <![CDATA[Test]]>
              </value>
            </param>
            <param index="8">
              <value>
                <![CDATA[Calle 1]]>
              </value>
            </param>
            <param index="9">
              <value>
                <![CDATA[San Juan]]>
              </value>
            </param>
            <param index="10">
              <value>
                <![CDATA[Puerto Rico]]>
              </value>
            </param>
            <param index="11">
              <value>
                <![CDATA[00908]]>
              </value>
            </param>
            <param index="12">
              <value>
                <![CDATA[United States]]>
              </value>
            </param>
            <param index="13">
              <value>
                <![CDATA[3.4534545E7]]>
              </value>
            </param>
            <param index="14">
              <value>
                <![CDATA[98764382]]>
              </value>
            </param>
            <param index="15">
              <value>
                <![CDATA[Direccion alias]]>
              </value>
            </param>
          </params>
          <reporter-output>
          </reporter-output>
        </test-method> <!-- crearcuenta -->
        <test-method status="PASS" signature="afterMethod(org.testng.ITestResult)[pri:0, instance:tests.loginTest@5f341870]" name="afterMethod" is-config="true" duration-ms="0" started-at="2021-05-06T01:57:20Z" finished-at="2021-05-06T01:57:20Z">
          <params>
            <param index="0">
              <value>
                <![CDATA[[TestResult name=crearcuenta status=SUCCESS method=loginTest.crearcuenta(java.lang.String, java.lang.String, java.lang.String, java.lang.String, java.lang.String, java.lang.String, java.lang.String, java.lang.String, java.lang.String, java.lang.String, java.lang.String, java.lang.String, java.lang.String, java.lang.String, java.lang.String, java.lang.String)[pri:0, instance:tests.loginTest@5f341870] output={null}]]]>
              </value>
            </param>
          </params>
          <reporter-output>
          </reporter-output>
        </test-method> <!-- afterMethod -->
        <test-method status="PASS" signature="ordencompleta()[pri:0, instance:tests.loginTest@5f341870]" name="ordencompleta" duration-ms="27391" started-at="2021-05-06T01:57:20Z" finished-at="2021-05-06T01:57:47Z">
          <reporter-output>
          </reporter-output>
        </test-method> <!-- ordencompleta -->
        <test-method status="PASS" signature="afterMethod(org.testng.ITestResult)[pri:0, instance:tests.loginTest@5f341870]" name="afterMethod" is-config="true" duration-ms="1" started-at="2021-05-06T01:57:47Z" finished-at="2021-05-06T01:57:47Z">
          <params>
            <param index="0">
              <value>
                <![CDATA[[TestResult name=ordencompleta status=SUCCESS method=loginTest.ordencompleta()[pri:0, instance:tests.loginTest@5f341870] output={null}]]]>
              </value>
            </param>
          </params>
          <reporter-output>
          </reporter-output>
        </test-method> <!-- afterMethod -->
        <test-method status="PASS" signature="historiaordenes()[pri:0, instance:tests.loginTest@5f341870]" name="historiaordenes" duration-ms="27078" started-at="2021-05-06T01:57:47Z" finished-at="2021-05-06T01:58:15Z">
          <reporter-output>
          </reporter-output>
        </test-method> <!-- historiaordenes -->
        <test-method status="PASS" signature="afterMethod(org.testng.ITestResult)[pri:0, instance:tests.loginTest@5f341870]" name="afterMethod" is-config="true" duration-ms="1" started-at="2021-05-06T01:58:15Z" finished-at="2021-05-06T01:58:15Z">
          <params>
            <param index="0">
              <value>
                <![CDATA[[TestResult name=historiaordenes status=SUCCESS method=loginTest.historiaordenes()[pri:0, instance:tests.loginTest@5f341870] output={null}]]]>
              </value>
            </param>
          </params>
          <reporter-output>
          </reporter-output>
        </test-method> <!-- afterMethod -->
        <test-method status="PASS" signature="cerrarsesion()[pri:0, instance:tests.loginTest@5f341870]" name="cerrarsesion" duration-ms="9272" started-at="2021-05-06T01:58:15Z" finished-at="2021-05-06T01:58:24Z">
          <reporter-output>
          </reporter-output>
        </test-method> <!-- cerrarsesion -->
        <test-method status="PASS" signature="afterMethod(org.testng.ITestResult)[pri:0, instance:tests.loginTest@5f341870]" name="afterMethod" is-config="true" duration-ms="1" started-at="2021-05-06T01:58:24Z" finished-at="2021-05-06T01:58:24Z">
          <params>
            <param index="0">
              <value>
                <![CDATA[[TestResult name=cerrarsesion status=SUCCESS method=loginTest.cerrarsesion()[pri:0, instance:tests.loginTest@5f341870] output={null}]]]>
              </value>
            </param>
          </params>
          <reporter-output>
          </reporter-output>
        </test-method> <!-- afterMethod -->
        <test-method status="PASS" signature="closeExtentReports()[pri:0, instance:tests.loginTest@5f341870]" name="closeExtentReports" is-config="true" duration-ms="768" started-at="2021-05-06T01:58:24Z" finished-at="2021-05-06T01:58:25Z">
          <reporter-output>
          </reporter-output>
        </test-method> <!-- closeExtentReports -->
      </class> <!-- tests.loginTest -->
    </test> <!-- Test_nuevo -->
  </suite> <!-- Automation_Selenium -->
</testng-results>
