<?xml version="1.0" encoding="UTF-8"?>
<!-- Generated by org.testng.reporters.JUnitXMLReporter -->
<testsuite hostname="Extrn_bmartinez" ignored="560" name="Test_spoc" tests="2" failures="0" timestamp="30 abr 2021 19:39:08 GMT" time="34.617" errors="0">
  <testcase name="login" time="20.104" classname="tests.loginTest"/>
  <testcase name="cancelarreglasdenegocio" time="14.443" classname="tests.loginTest"/>
  <testcase name="crearusuariocorreoformatoincorrecto" time="0.0" classname="tests.loginTest">
    <ignored/>
  </testcase> <!-- crearusuariocorreoformatoincorrecto -->
  <testcase name="nocambiarelestadodelaoc" time="0.0" classname="tests.loginTest">
    <ignored/>
  </testcase> <!-- nocambiarelestadodelaoc -->
  <testcase name="editarusuarioeliminarroles" time="0.0" classname="tests.loginTest">
    <ignored/>
  </testcase> <!-- editarusuarioeliminarroles -->
  <testcase name="exportarbodegas" time="0.0" classname="tests.loginTest">
    <ignored/>
  </testcase> <!-- exportarbodegas -->
  <testcase name="cancelarcrearestados" time="0.0" classname="tests.loginTest">
    <ignored/>
  </testcase> <!-- cancelarcrearestados -->
  <testcase name="cancelareditarproductos" time="0.0" classname="tests.loginTest">
    <ignored/>
  </testcase> <!-- cancelareditarproductos -->
  <testcase name="cancelarmarcarurgenteoc" time="0.0" classname="tests.loginTest">
    <ignored/>
  </testcase> <!-- cancelarmarcarurgenteoc -->
  <testcase name="homologarsucursalesmismoerpendossucursales" time="0.0" classname="tests.loginTest">
    <ignored/>
  </testcase> <!-- homologarsucursalesmismoerpendossucursales -->
  <testcase name="editarsucursales" time="0.0" classname="tests.loginTest">
    <ignored/>
  </testcase> <!-- editarsucursales -->
  <testcase name="cancelarordenesreservado" time="0.0" classname="tests.loginTest">
    <ignored/>
  </testcase> <!-- cancelarordenesreservado -->
  <testcase name="buscarbodega" time="0.0" classname="tests.loginTest">
    <ignored/>
  </testcase> <!-- buscarbodega -->
  <testcase name="buscaroc" time="0.0" classname="tests.loginTest">
    <ignored/>
  </testcase> <!-- buscaroc -->
  <testcase name="editarclientesconrutinvalido" time="0.0" classname="tests.loginTest">
    <ignored/>
  </testcase> <!-- editarclientesconrutinvalido -->
  <testcase name="registrarcomentarios" time="0.0" classname="tests.loginTest">
    <ignored/>
  </testcase> <!-- registrarcomentarios -->
  <testcase name="buscarproductosalternativos" time="0.0" classname="tests.loginTest">
    <ignored/>
  </testcase> <!-- buscarproductosalternativos -->
  <testcase name="editaraccion" time="0.0" classname="tests.loginTest">
    <ignored/>
  </testcase> <!-- editaraccion -->
  <testcase name="desactivarempresa" time="0.0" classname="tests.loginTest">
    <ignored/>
  </testcase> <!-- desactivarempresa -->
  <testcase name="liberarocsolodetalleyencabezado" time="0.0" classname="tests.loginTest">
    <ignored/>
  </testcase> <!-- liberarocsolodetalleyencabezado -->
  <testcase name="cantidadregistros" time="0.0" classname="tests.loginTest">
    <ignored/>
  </testcase> <!-- cantidadregistros -->
  <testcase name="crearcategorias" time="0.0" classname="tests.loginTest">
    <ignored/>
  </testcase> <!-- crearcategorias -->
  <testcase name="busquedaavanzada" time="0.0" classname="tests.loginTest">
    <ignored/>
  </testcase> <!-- busquedaavanzada -->
  <testcase name="crearlistascamposvacios" time="0.0" classname="tests.loginTest">
    <ignored/>
  </testcase> <!-- crearlistascamposvacios -->
  <testcase name="exportarreporteconfecha" time="0.0" classname="tests.loginTest">
    <ignored/>
  </testcase> <!-- exportarreporteconfecha -->
  <testcase name="nobuscarsucursales" time="0.0" classname="tests.loginTest">
    <ignored/>
  </testcase> <!-- nobuscarsucursales -->
  <testcase name="cancelarcargamasivaclientes" time="0.0" classname="tests.loginTest">
    <ignored/>
  </testcase> <!-- cancelarcargamasivaclientes -->
  <testcase name="noactdesempresas" time="0.0" classname="tests.loginTest">
    <ignored/>
  </testcase> <!-- noactdesempresas -->
  <testcase name="cargamasivaclientescamposvacios" time="0.0" classname="tests.loginTest">
    <ignored/>
  </testcase> <!-- cargamasivaclientescamposvacios -->
  <testcase name="cancelarseleccionproductosalternativos" time="0.0" classname="tests.loginTest">
    <ignored/>
  </testcase> <!-- cancelarseleccionproductosalternativos -->
  <testcase name="editarestadostipoutilizado" time="0.0" classname="tests.loginTest">
    <ignored/>
  </testcase> <!-- editarestadostipoutilizado -->
  <testcase name="crearempresasholding" time="0.0" classname="tests.loginTest">
    <ignored/>
  </testcase> <!-- crearempresasholding -->
  <testcase name="accioneshistorial" time="0.0" classname="tests.loginTest">
    <ignored/>
  </testcase> <!-- accioneshistorial -->
  <testcase name="crearproductos" time="0.0" classname="tests.loginTest">
    <ignored/>
  </testcase> <!-- crearproductos -->
  <testcase name="origenesdeinformacioncamposvacios" time="0.0" classname="tests.loginTest">
    <ignored/>
  </testcase> <!-- origenesdeinformacioncamposvacios -->
  <testcase name="nolistarmodulosyacciones" time="0.0" classname="tests.loginTest">
    <ignored/>
  </testcase> <!-- nolistarmodulosyacciones -->
  <testcase name="listadolistas" time="0.0" classname="tests.loginTest">
    <ignored/>
  </testcase> <!-- listadolistas -->
  <testcase name="homologarclientecaracteresespeciales" time="0.0" classname="tests.loginTest">
    <ignored/>
  </testcase> <!-- homologarclientecaracteresespeciales -->
  <testcase name="cancelarcargamasivahomologarclientes" time="0.0" classname="tests.loginTest">
    <ignored/>
  </testcase> <!-- cancelarcargamasivahomologarclientes -->
  <testcase name="editarroles" time="0.0" classname="tests.loginTest">
    <ignored/>
  </testcase> <!-- editarroles -->
  <testcase name="homologarsucursalesdeshabilitar" time="0.0" classname="tests.loginTest">
    <ignored/>
  </testcase> <!-- homologarsucursalesdeshabilitar -->
  <testcase name="detallelinea" time="0.0" classname="tests.loginTest">
    <ignored/>
  </testcase> <!-- detallelinea -->
  <testcase name="cancelarcargamasivalistas" time="0.0" classname="tests.loginTest">
    <ignored/>
  </testcase> <!-- cancelarcargamasivalistas -->
  <testcase name="homologarsucursalescargamasivaarchivoincorrecto" time="0.0" classname="tests.loginTest">
    <ignored/>
  </testcase> <!-- homologarsucursalescargamasivaarchivoincorrecto -->
  <testcase name="visualizarregistroslistas" time="0.0" classname="tests.loginTest">
    <ignored/>
  </testcase> <!-- visualizarregistroslistas -->
  <testcase name="desactivarroles" time="0.0" classname="tests.loginTest">
    <ignored/>
  </testcase> <!-- desactivarroles -->
  <testcase name="crearlistascamposincorrectos" time="0.0" classname="tests.loginTest">
    <ignored/>
  </testcase> <!-- crearlistascamposincorrectos -->
  <testcase name="conexionservicio" time="0.0" classname="tests.loginTest">
    <ignored/>
  </testcase> <!-- conexionservicio -->
  <testcase name="crearbodegaserpexistente" time="0.0" classname="tests.loginTest">
    <ignored/>
  </testcase> <!-- crearbodegaserpexistente -->
  <testcase name="nobuscartipo" time="0.0" classname="tests.loginTest">
    <ignored/>
  </testcase> <!-- nobuscartipo -->
  <testcase name="homologarsucursalescargamasivacamposvacios" time="0.0" classname="tests.loginTest">
    <ignored/>
  </testcase> <!-- homologarsucursalescargamasivacamposvacios -->
  <testcase name="exportarordenespdf" time="0.0" classname="tests.loginTest">
    <ignored/>
  </testcase> <!-- exportarordenespdf -->
  <testcase name="noactdestipos" time="0.0" classname="tests.loginTest">
    <ignored/>
  </testcase> <!-- noactdestipos -->
  <testcase name="flujodeestadoscamposvacios" time="0.0" classname="tests.loginTest">
    <ignored/>
  </testcase> <!-- flujodeestadoscamposvacios -->
  <testcase name="norecuperacontraseña" time="0.0" classname="tests.loginTest">
    <ignored/>
  </testcase> <!-- norecuperacontraseña -->
  <testcase name="editarclientesdejandocamposvacios" time="0.0" classname="tests.loginTest">
    <ignored/>
  </testcase> <!-- editarclientesdejandocamposvacios -->
  <testcase name="activarsucursales" time="0.0" classname="tests.loginTest">
    <ignored/>
  </testcase> <!-- activarsucursales -->
  <testcase name="nobuscarproductos" time="0.0" classname="tests.loginTest">
    <ignored/>
  </testcase> <!-- nobuscarproductos -->
  <testcase name="norealizadespachoparcial" time="0.0" classname="tests.loginTest">
    <ignored/>
  </testcase> <!-- norealizadespachoparcial -->
  <testcase name="cargamasivasucursalesdatosincorrectos" time="0.0" classname="tests.loginTest">
    <ignored/>
  </testcase> <!-- cargamasivasucursalesdatosincorrectos -->
  <testcase name="buscarusuarios" time="0.0" classname="tests.loginTest">
    <ignored/>
  </testcase> <!-- buscarusuarios -->
  <testcase name="crearsucursalescamposvacios" time="0.0" classname="tests.loginTest">
    <ignored/>
  </testcase> <!-- crearsucursalescamposvacios -->
  <testcase name="liberaroc5" time="0.0" classname="tests.loginTest">
    <ignored/>
  </testcase> <!-- liberaroc5 -->
  <testcase name="creartiposcamposvacios" time="0.0" classname="tests.loginTest">
    <ignored/>
  </testcase> <!-- creartiposcamposvacios -->
  <testcase name="crearestadoscamposvacios" time="0.0" classname="tests.loginTest">
    <ignored/>
  </testcase> <!-- crearestadoscamposvacios -->
  <testcase name="crearrolescamposvacios" time="0.0" classname="tests.loginTest">
    <ignored/>
  </testcase> <!-- crearrolescamposvacios -->
  <testcase name="productosalternativosregistros" time="0.0" classname="tests.loginTest">
    <ignored/>
  </testcase> <!-- productosalternativosregistros -->
  <testcase name="liberaroc3" time="0.0" classname="tests.loginTest">
    <ignored/>
  </testcase> <!-- liberaroc3 -->
  <testcase name="liberaroc6" time="0.0" classname="tests.loginTest">
    <ignored/>
  </testcase> <!-- liberaroc6 -->
  <testcase name="editarreportesconfiguradosqueryinvalida" time="0.0" classname="tests.loginTest">
    <ignored/>
  </testcase> <!-- editarreportesconfiguradosqueryinvalida -->
  <testcase name="liberaroc1" time="0.0" classname="tests.loginTest">
    <ignored/>
  </testcase> <!-- liberaroc1 -->
  <testcase name="liberaroc4" time="0.0" classname="tests.loginTest">
    <ignored/>
  </testcase> <!-- liberaroc4 -->
  <testcase name="nolistarordenes" time="0.0" classname="tests.loginTest">
    <ignored/>
  </testcase> <!-- nolistarordenes -->
  <testcase name="liberaroc2" time="0.0" classname="tests.loginTest">
    <ignored/>
  </testcase> <!-- liberaroc2 -->
  <testcase name="postdatearordenesdif" time="0.0" classname="tests.loginTest">
    <ignored/>
  </testcase> <!-- postdatearordenesdif -->
  <testcase name="nobuscarengestionarcartera" time="0.0" classname="tests.loginTest">
    <ignored/>
  </testcase> <!-- nobuscarengestionarcartera -->
  <testcase name="cargamasivabodegasdatosincorrectos" time="0.0" classname="tests.loginTest">
    <ignored/>
  </testcase> <!-- cargamasivabodegasdatosincorrectos -->
  <testcase name="cancelarcopiarcartera" time="0.0" classname="tests.loginTest">
    <ignored/>
  </testcase> <!-- cancelarcopiarcartera -->
  <testcase name="desfactorizar" time="0.0" classname="tests.loginTest">
    <ignored/>
  </testcase> <!-- desfactorizar -->
  <testcase name="actdesmoduloaccion" time="0.0" classname="tests.loginTest">
    <ignored/>
  </testcase> <!-- actdesmoduloaccion -->
  <testcase name="registrosseleccionadosbodegas" time="0.0" classname="tests.loginTest">
    <ignored/>
  </testcase> <!-- registrosseleccionadosbodegas -->
  <testcase name="nobuscaroc" time="0.0" classname="tests.loginTest">
    <ignored/>
  </testcase> <!-- nobuscaroc -->
  <testcase name="nopuedegestionarsucursales" time="0.0" classname="tests.loginTest">
    <ignored/>
  </testcase> <!-- nopuedegestionarsucursales -->
  <testcase name="crearordenes" time="0.0" classname="tests.loginTest">
    <ignored/>
  </testcase> <!-- crearordenes -->
  <testcase name="crearclientesconcorreoinvalido" time="0.0" classname="tests.loginTest">
    <ignored/>
  </testcase> <!-- crearclientesconcorreoinvalido -->
  <testcase name="liberaroc8" time="0.0" classname="tests.loginTest">
    <ignored/>
  </testcase> <!-- liberaroc8 -->
  <testcase name="exportarhomologarproducto" time="0.0" classname="tests.loginTest">
    <ignored/>
  </testcase> <!-- exportarhomologarproducto -->
  <testcase name="activarusuarios" time="0.0" classname="tests.loginTest">
    <ignored/>
  </testcase> <!-- activarusuarios -->
  <testcase name="cambiarelestadodelaoc" time="0.0" classname="tests.loginTest">
    <ignored/>
  </testcase> <!-- cambiarelestadodelaoc -->
  <testcase name="crearlicenciarestringe" time="0.0" classname="tests.loginTest">
    <ignored/>
  </testcase> <!-- crearlicenciarestringe -->
  <testcase name="crearlistasvisualizarregistrosproductos" time="0.0" classname="tests.loginTest">
    <ignored/>
  </testcase> <!-- crearlistasvisualizarregistrosproductos -->
  <testcase name="homologarclienteregistros" time="0.0" classname="tests.loginTest">
    <ignored/>
  </testcase> <!-- homologarclienteregistros -->
  <testcase name="crearocvacia" time="0.0" classname="tests.loginTest">
    <ignored/>
  </testcase> <!-- crearocvacia -->
  <testcase name="nobuscarmodulosyacciones" time="0.0" classname="tests.loginTest">
    <ignored/>
  </testcase> <!-- nobuscarmodulosyacciones -->
  <testcase name="noexportarordenespdf" time="0.0" classname="tests.loginTest">
    <ignored/>
  </testcase> <!-- noexportarordenespdf -->
  <testcase name="cancelarcrearunidades" time="0.0" classname="tests.loginTest">
    <ignored/>
  </testcase> <!-- cancelarcrearunidades -->
  <testcase name="liberaroc9" time="0.0" classname="tests.loginTest">
    <ignored/>
  </testcase> <!-- liberaroc9 -->
  <testcase name="crearproductoslogodiferenteimagen" time="0.0" classname="tests.loginTest">
    <ignored/>
  </testcase> <!-- crearproductoslogodiferenteimagen -->
  <testcase name="liberaroc7" time="0.0" classname="tests.loginTest">
    <ignored/>
  </testcase> <!-- liberaroc7 -->
  <testcase name="crearempresaslogoincorrecto" time="0.0" classname="tests.loginTest">
    <ignored/>
  </testcase> <!-- crearempresaslogoincorrecto -->
  <testcase name="cancelardespachoparcialsaldorestante" time="0.0" classname="tests.loginTest">
    <ignored/>
  </testcase> <!-- cancelardespachoparcialsaldorestante -->
  <testcase name="crearclientesdejandocamposvacios" time="0.0" classname="tests.loginTest">
    <ignored/>
  </testcase> <!-- crearclientesdejandocamposvacios -->
  <testcase name="cancelardespachoparcial" time="0.0" classname="tests.loginTest">
    <ignored/>
  </testcase> <!-- cancelardespachoparcial -->
  <testcase name="noactdessucursales" time="0.0" classname="tests.loginTest">
    <ignored/>
  </testcase> <!-- noactdessucursales -->
  <testcase name="cancelarcrearsucursales" time="0.0" classname="tests.loginTest">
    <ignored/>
  </testcase> <!-- cancelarcrearsucursales -->
  <testcase name="exportarordenesexcel" time="0.0" classname="tests.loginTest">
    <ignored/>
  </testcase> <!-- exportarordenesexcel -->
  <testcase name="actualizarcargamasivaclientes" time="0.0" classname="tests.loginTest">
    <ignored/>
  </testcase> <!-- actualizarcargamasivaclientes -->
  <testcase name="conexionserviciocorreoinvalida" time="0.0" classname="tests.loginTest">
    <ignored/>
  </testcase> <!-- conexionserviciocorreoinvalida -->
  <testcase name="cancelaroc" time="0.0" classname="tests.loginTest">
    <ignored/>
  </testcase> <!-- cancelaroc -->
  <testcase name="desactivarproductos" time="0.0" classname="tests.loginTest">
    <ignored/>
  </testcase> <!-- desactivarproductos -->
  <testcase name="conexionserviciourlinvalida" time="0.0" classname="tests.loginTest">
    <ignored/>
  </testcase> <!-- conexionserviciourlinvalida -->
  <testcase name="editarproductos" time="0.0" classname="tests.loginTest">
    <ignored/>
  </testcase> <!-- editarproductos -->
  <testcase name="configurarerp" time="0.0" classname="tests.loginTest">
    <ignored/>
  </testcase> <!-- configurarerp -->
  <testcase name="buscarsucursales" time="0.0" classname="tests.loginTest">
    <ignored/>
  </testcase> <!-- buscarsucursales -->
  <testcase name="buscarcategorias" time="0.0" classname="tests.loginTest">
    <ignored/>
  </testcase> <!-- buscarcategorias -->
  <testcase name="listarordenes" time="0.0" classname="tests.loginTest">
    <ignored/>
  </testcase> <!-- listarordenes -->
  <testcase name="activarlistadeprecios" time="0.0" classname="tests.loginTest">
    <ignored/>
  </testcase> <!-- activarlistadeprecios -->
  <testcase name="registrosroles" time="0.0" classname="tests.loginTest">
    <ignored/>
  </testcase> <!-- registrosroles -->
  <testcase name="cancelarcrearempresas" time="0.0" classname="tests.loginTest">
    <ignored/>
  </testcase> <!-- cancelarcrearempresas -->
  <testcase name="cancelarconfdespachoparcial" time="0.0" classname="tests.loginTest">
    <ignored/>
  </testcase> <!-- cancelarconfdespachoparcial -->
  <testcase name="desactivarclientes" time="0.0" classname="tests.loginTest">
    <ignored/>
  </testcase> <!-- desactivarclientes -->
  <testcase name="editarcategorias" time="0.0" classname="tests.loginTest">
    <ignored/>
  </testcase> <!-- editarcategorias -->
  <testcase name="editarunidadeserpexistente" time="0.0" classname="tests.loginTest">
    <ignored/>
  </testcase> <!-- editarunidadeserpexistente -->
  <testcase name="cambiocontrasena" time="0.0" classname="tests.loginTest">
    <ignored/>
  </testcase> <!-- cambiocontrasena -->
  <testcase name="productosalternativos" time="0.0" classname="tests.loginTest">
    <ignored/>
  </testcase> <!-- productosalternativos -->
  <testcase name="noexportarordenesexcel" time="0.0" classname="tests.loginTest">
    <ignored/>
  </testcase> <!-- noexportarordenesexcel -->
  <testcase name="editarproductoslogodiferenteaimagen" time="0.0" classname="tests.loginTest">
    <ignored/>
  </testcase> <!-- editarproductoslogodiferenteaimagen -->
  <testcase name="crearproductoserpincorrecto" time="0.0" classname="tests.loginTest">
    <ignored/>
  </testcase> <!-- crearproductoserpincorrecto -->
  <testcase name="desactivarestados" time="0.0" classname="tests.loginTest">
    <ignored/>
  </testcase> <!-- desactivarestados -->
  <testcase name="editarestadosnombreexistente" time="0.0" classname="tests.loginTest">
    <ignored/>
  </testcase> <!-- editarestadosnombreexistente -->
  <testcase name="nogestionarlotes" time="0.0" classname="tests.loginTest">
    <ignored/>
  </testcase> <!-- nogestionarlotes -->
  <testcase name="noactdescategorias" time="0.0" classname="tests.loginTest">
    <ignored/>
  </testcase> <!-- noactdescategorias -->
  <testcase name="noactdesaestados" time="0.0" classname="tests.loginTest">
    <ignored/>
  </testcase> <!-- noactdesaestados -->
  <testcase name="editarreportesconfiguradoscamposvacios" time="0.0" classname="tests.loginTest">
    <ignored/>
  </testcase> <!-- editarreportesconfiguradoscamposvacios -->
  <testcase name="cancelarnotificaciones" time="0.0" classname="tests.loginTest">
    <ignored/>
  </testcase> <!-- cancelarnotificaciones -->
  <testcase name="noconfigurarreglas" time="0.0" classname="tests.loginTest">
    <ignored/>
  </testcase> <!-- noconfigurarreglas -->
  <testcase name="editarempresasrutincorrecto" time="0.0" classname="tests.loginTest">
    <ignored/>
  </testcase> <!-- editarempresasrutincorrecto -->
  <testcase name="cancelarcrearreportesconfigurados" time="0.0" classname="tests.loginTest">
    <ignored/>
  </testcase> <!-- cancelarcrearreportesconfigurados -->
  <testcase name="crearusuariointerno" time="0.0" classname="tests.loginTest">
    <ignored/>
  </testcase> <!-- crearusuariointerno -->
  <testcase name="editarempresasrutinvalido" time="0.0" classname="tests.loginTest">
    <ignored/>
  </testcase> <!-- editarempresasrutinvalido -->
  <testcase name="editarbodegasstockincorrecto" time="0.0" classname="tests.loginTest">
    <ignored/>
  </testcase> <!-- editarbodegasstockincorrecto -->
  <testcase name="crearsucursales" time="0.0" classname="tests.loginTest">
    <ignored/>
  </testcase> <!-- crearsucursales -->
  <testcase name="editarproductoserpincorrecto" time="0.0" classname="tests.loginTest">
    <ignored/>
  </testcase> <!-- editarproductoserpincorrecto -->
  <testcase name="editarlicenciacamposvacios" time="0.0" classname="tests.loginTest">
    <ignored/>
  </testcase> <!-- editarlicenciacamposvacios -->
  <testcase name="homologarproductocargamasivaarchivoincorrecto" time="0.0" classname="tests.loginTest">
    <ignored/>
  </testcase> <!-- homologarproductocargamasivaarchivoincorrecto -->
  <testcase name="nolistarreportesconfigurados" time="0.0" classname="tests.loginTest">
    <ignored/>
  </testcase> <!-- nolistarreportesconfigurados -->
  <testcase name="editarbodegas" time="0.0" classname="tests.loginTest">
    <ignored/>
  </testcase> <!-- editarbodegas -->
  <testcase name="postdatearordenes" time="0.0" classname="tests.loginTest">
    <ignored/>
  </testcase> <!-- postdatearordenes -->
  <testcase name="crearempresas" time="0.0" classname="tests.loginTest">
    <ignored/>
  </testcase> <!-- crearempresas -->
  <testcase name="registrosseleccionadosunidades" time="0.0" classname="tests.loginTest">
    <ignored/>
  </testcase> <!-- registrosseleccionadosunidades -->
  <testcase name="listadotipolistas" time="0.0" classname="tests.loginTest">
    <ignored/>
  </testcase> <!-- listadotipolistas -->
  <testcase name="nolistarreportes" time="0.0" classname="tests.loginTest">
    <ignored/>
  </testcase> <!-- nolistarreportes -->
  <testcase name="exportarlistas" time="0.0" classname="tests.loginTest">
    <ignored/>
  </testcase> <!-- exportarlistas -->
  <testcase name="editarempresaslogoincorrecto" time="0.0" classname="tests.loginTest">
    <ignored/>
  </testcase> <!-- editarempresaslogoincorrecto -->
  <testcase name="volveralistdousuarios" time="0.0" classname="tests.loginTest">
    <ignored/>
  </testcase> <!-- volveralistdousuarios -->
  <testcase name="creartiposcamposincorrectos" time="0.0" classname="tests.loginTest">
    <ignored/>
  </testcase> <!-- creartiposcamposincorrectos -->
  <testcase name="editarusuariocorreoincorrecto" time="0.0" classname="tests.loginTest">
    <ignored/>
  </testcase> <!-- editarusuariocorreoincorrecto -->
  <testcase name="crearlicencia" time="0.0" classname="tests.loginTest">
    <ignored/>
  </testcase> <!-- crearlicencia -->
  <testcase name="cargamasivalistascamposdatosincorrectos" time="0.0" classname="tests.loginTest">
    <ignored/>
  </testcase> <!-- cargamasivalistascamposdatosincorrectos -->
  <testcase name="homologarproductocodigorepetido" time="0.0" classname="tests.loginTest">
    <ignored/>
  </testcase> <!-- homologarproductocodigorepetido -->
  <testcase name="editarclientesconcorreoutilizado" time="0.0" classname="tests.loginTest">
    <ignored/>
  </testcase> <!-- editarclientesconcorreoutilizado -->
  <testcase name="buscarengestionarcartera" time="0.0" classname="tests.loginTest">
    <ignored/>
  </testcase> <!-- buscarengestionarcartera -->
  <testcase name="nobuscarclientes" time="0.0" classname="tests.loginTest">
    <ignored/>
  </testcase> <!-- nobuscarclientes -->
  <testcase name="exportarproductos" time="0.0" classname="tests.loginTest">
    <ignored/>
  </testcase> <!-- exportarproductos -->
  <testcase name="agregarfoto" time="0.0" classname="tests.loginTest">
    <ignored/>
  </testcase> <!-- agregarfoto -->
  <testcase name="cargamasivaclientes" time="0.0" classname="tests.loginTest">
    <ignored/>
  </testcase> <!-- cargamasivaclientes -->
  <testcase name="homologarsucursalescancelarcargamasiva" time="0.0" classname="tests.loginTest">
    <ignored/>
  </testcase> <!-- homologarsucursalescancelarcargamasiva -->
  <testcase name="noactdesclientes" time="0.0" classname="tests.loginTest">
    <ignored/>
  </testcase> <!-- noactdesclientes -->
  <testcase name="cancelareditarusuario" time="0.0" classname="tests.loginTest">
    <ignored/>
  </testcase> <!-- cancelareditarusuario -->
  <testcase name="nosepuederegistrarcomentario" time="0.0" classname="tests.loginTest">
    <ignored/>
  </testcase> <!-- nosepuederegistrarcomentario -->
  <testcase name="cancelareditarclientes" time="0.0" classname="tests.loginTest">
    <ignored/>
  </testcase> <!-- cancelareditarclientes -->
  <testcase name="editarempresasnoholding" time="0.0" classname="tests.loginTest">
    <ignored/>
  </testcase> <!-- editarempresasnoholding -->
  <testcase name="nolistarbodegas" time="0.0" classname="tests.loginTest">
    <ignored/>
  </testcase> <!-- nolistarbodegas -->
  <testcase name="nolistarcategorias" time="0.0" classname="tests.loginTest">
    <ignored/>
  </testcase> <!-- nolistarcategorias -->
  <testcase name="origenesdeinformacioncorreoinvalido" time="0.0" classname="tests.loginTest">
    <ignored/>
  </testcase> <!-- origenesdeinformacioncorreoinvalido -->
  <testcase name="nomarcarurgenteoc" time="0.0" classname="tests.loginTest">
    <ignored/>
  </testcase> <!-- nomarcarurgenteoc -->
  <testcase name="despachoparcialsaldorestante" time="0.0" classname="tests.loginTest">
    <ignored/>
  </testcase> <!-- despachoparcialsaldorestante -->
  <testcase name="crearreportesconfiguradosqueryinvalida" time="0.0" classname="tests.loginTest">
    <ignored/>
  </testcase> <!-- crearreportesconfiguradosqueryinvalida -->
  <testcase name="graficos" time="0.0" classname="tests.loginTest">
    <ignored/>
  </testcase> <!-- graficos -->
  <testcase name="editarmodulos" time="0.0" classname="tests.loginTest">
    <ignored/>
  </testcase> <!-- editarmodulos -->
  <testcase name="reservadeproductosstockincorrecta" time="0.0" classname="tests.loginTest">
    <ignored/>
  </testcase> <!-- reservadeproductosstockincorrecta -->
  <testcase name="editarunidadescamposvacios" time="0.0" classname="tests.loginTest">
    <ignored/>
  </testcase> <!-- editarunidadescamposvacios -->
  <testcase name="cancelarliquidaroc" time="0.0" classname="tests.loginTest">
    <ignored/>
  </testcase> <!-- cancelarliquidaroc -->
  <testcase name="editarusuarioerpincorrecto" time="0.0" classname="tests.loginTest">
    <ignored/>
  </testcase> <!-- editarusuarioerpincorrecto -->
  <testcase name="crearordenesreservado" time="0.0" classname="tests.loginTest">
    <ignored/>
  </testcase> <!-- crearordenesreservado -->
  <testcase name="homologarproductobusqueda" time="0.0" classname="tests.loginTest">
    <ignored/>
  </testcase> <!-- homologarproductobusqueda -->
  <testcase name="activarbodegas" time="0.0" classname="tests.loginTest">
    <ignored/>
  </testcase> <!-- activarbodegas -->
  <testcase name="cancelarhomologarclientes" time="0.0" classname="tests.loginTest">
    <ignored/>
  </testcase> <!-- cancelarhomologarclientes -->
  <testcase name="crearcategoriascamposvacios" time="0.0" classname="tests.loginTest">
    <ignored/>
  </testcase> <!-- crearcategoriascamposvacios -->
  <testcase name="editaraccioncamposvacios" time="0.0" classname="tests.loginTest">
    <ignored/>
  </testcase> <!-- editaraccioncamposvacios -->
  <testcase name="nolistarroles" time="0.0" classname="tests.loginTest">
    <ignored/>
  </testcase> <!-- nolistarroles -->
  <testcase name="cancelareditarreportesconfigurados" time="0.0" classname="tests.loginTest">
    <ignored/>
  </testcase> <!-- cancelareditarreportesconfigurados -->
  <testcase name="nosepuedeactivardesacoc" time="0.0" classname="tests.loginTest">
    <ignored/>
  </testcase> <!-- nosepuedeactivardesacoc -->
  <testcase name="homologarclientenoasociarempresacliente" time="0.0" classname="tests.loginTest">
    <ignored/>
  </testcase> <!-- homologarclientenoasociarempresacliente -->
  <testcase name="homologarcliente" time="0.0" classname="tests.loginTest">
    <ignored/>
  </testcase> <!-- homologarcliente -->
  <testcase name="editarclientesconrutincorrecto" time="0.0" classname="tests.loginTest">
    <ignored/>
  </testcase> <!-- editarclientesconrutincorrecto -->
  <testcase name="cancelardespachoparcialsaldorestanteprodneg" time="0.0" classname="tests.loginTest">
    <ignored/>
  </testcase> <!-- cancelardespachoparcialsaldorestanteprodneg -->
  <testcase name="cancelareditarempresa" time="0.0" classname="tests.loginTest">
    <ignored/>
  </testcase> <!-- cancelareditarempresa -->
  <testcase name="noactdeslistas" time="0.0" classname="tests.loginTest">
    <ignored/>
  </testcase> <!-- noactdeslistas -->
  <testcase name="crearproductoserpexistente" time="0.0" classname="tests.loginTest">
    <ignored/>
  </testcase> <!-- crearproductoserpexistente -->
  <testcase name="activarproductos" time="0.0" classname="tests.loginTest">
    <ignored/>
  </testcase> <!-- activarproductos -->
  <testcase name="homologarproductocargamasiva" time="0.0" classname="tests.loginTest">
    <ignored/>
  </testcase> <!-- homologarproductocargamasiva -->
  <testcase name="nobuscarroles" time="0.0" classname="tests.loginTest">
    <ignored/>
  </testcase> <!-- nobuscarroles -->
  <testcase name="editarreportesconfigurados" time="0.0" classname="tests.loginTest">
    <ignored/>
  </testcase> <!-- editarreportesconfigurados -->
  <testcase name="editarmoduloscamposvacios" time="0.0" classname="tests.loginTest">
    <ignored/>
  </testcase> <!-- editarmoduloscamposvacios -->
  <testcase name="activarlinea" time="0.0" classname="tests.loginTest">
    <ignored/>
  </testcase> <!-- activarlinea -->
  <testcase name="desactivarreportesconfigurados" time="0.0" classname="tests.loginTest">
    <ignored/>
  </testcase> <!-- desactivarreportesconfigurados -->
  <testcase name="origenesdeinformaciondeshabilitarfrecuenciadescarga" time="0.0" classname="tests.loginTest">
    <ignored/>
  </testcase> <!-- origenesdeinformaciondeshabilitarfrecuenciadescarga -->
  <testcase name="nolistarclientes" time="0.0" classname="tests.loginTest">
    <ignored/>
  </testcase> <!-- nolistarclientes -->
  <testcase name="actualizarcargamasivahomologarclientes" time="0.0" classname="tests.loginTest">
    <ignored/>
  </testcase> <!-- actualizarcargamasivahomologarclientes -->
  <testcase name="listadocategorias" time="0.0" classname="tests.loginTest">
    <ignored/>
  </testcase> <!-- listadocategorias -->
  <testcase name="cargamasivasucursalesarchivoincorrecto" time="0.0" classname="tests.loginTest">
    <ignored/>
  </testcase> <!-- cargamasivasucursalesarchivoincorrecto -->
  <testcase name="homologarsucursalescargamasiva" time="0.0" classname="tests.loginTest">
    <ignored/>
  </testcase> <!-- homologarsucursalescargamasiva -->
  <testcase name="editarunidades" time="0.0" classname="tests.loginTest">
    <ignored/>
  </testcase> <!-- editarunidades -->
  <testcase name="continuarorden" time="0.0" classname="tests.loginTest">
    <ignored/>
  </testcase> <!-- continuarorden -->
  <testcase name="homologarproductocargamasivadatosincorrectos" time="0.0" classname="tests.loginTest">
    <ignored/>
  </testcase> <!-- homologarproductocargamasivadatosincorrectos -->
  <testcase name="cancelarcreacionbodegas" time="0.0" classname="tests.loginTest">
    <ignored/>
  </testcase> <!-- cancelarcreacionbodegas -->
  <testcase name="liberarocsolodetalleencabezadoytitulo" time="0.0" classname="tests.loginTest">
    <ignored/>
  </testcase> <!-- liberarocsolodetalleencabezadoytitulo -->
  <testcase name="editarestadoscamposvacios" time="0.0" classname="tests.loginTest">
    <ignored/>
  </testcase> <!-- editarestadoscamposvacios -->
  <testcase name="nobuscarreporte" time="0.0" classname="tests.loginTest">
    <ignored/>
  </testcase> <!-- nobuscarreporte -->
  <testcase name="eliminarorigenesdeinformacion" time="0.0" classname="tests.loginTest">
    <ignored/>
  </testcase> <!-- eliminarorigenesdeinformacion -->
  <testcase name="noactdesaroles" time="0.0" classname="tests.loginTest">
    <ignored/>
  </testcase> <!-- noactdesaroles -->
  <testcase name="cancelaredicion" time="0.0" classname="tests.loginTest">
    <ignored/>
  </testcase> <!-- cancelaredicion -->
  <testcase name="crearclientesconcorreoutilizado" time="0.0" classname="tests.loginTest">
    <ignored/>
  </testcase> <!-- crearclientesconcorreoutilizado -->
  <testcase name="cargamasivalistascamposvacios" time="0.0" classname="tests.loginTest">
    <ignored/>
  </testcase> <!-- cargamasivalistascamposvacios -->
  <testcase name="crearlistasbuscarproductos" time="0.0" classname="tests.loginTest">
    <ignored/>
  </testcase> <!-- crearlistasbuscarproductos -->
  <testcase name="crearestadostipoutilizado" time="0.0" classname="tests.loginTest">
    <ignored/>
  </testcase> <!-- crearestadostipoutilizado -->
  <testcase name="olvidocontraseña" time="0.0" classname="tests.loginTest">
    <ignored/>
  </testcase> <!-- olvidocontraseña -->
  <testcase name="nobuscarlicencias" time="0.0" classname="tests.loginTest">
    <ignored/>
  </testcase> <!-- nobuscarlicencias -->
  <testcase name="crearclientes" time="0.0" classname="tests.loginTest">
    <ignored/>
  </testcase> <!-- crearclientes -->
  <testcase name="cancelardesactivarclientes" time="0.0" classname="tests.loginTest">
    <ignored/>
  </testcase> <!-- cancelardesactivarclientes -->
  <testcase name="buscarreporte" time="0.0" classname="tests.loginTest">
    <ignored/>
  </testcase> <!-- buscarreporte -->
  <testcase name="configurarerpconsultainvalida" time="0.0" classname="tests.loginTest">
    <ignored/>
  </testcase> <!-- configurarerpconsultainvalida -->
  <testcase name="editarestados" time="0.0" classname="tests.loginTest">
    <ignored/>
  </testcase> <!-- editarestados -->
  <testcase name="reglasdenegocioregistros" time="0.0" classname="tests.loginTest">
    <ignored/>
  </testcase> <!-- reglasdenegocioregistros -->
  <testcase name="crearestados" time="0.0" classname="tests.loginTest">
    <ignored/>
  </testcase> <!-- crearestados -->
  <testcase name="visualizarregistrosempresas" time="0.0" classname="tests.loginTest">
    <ignored/>
  </testcase> <!-- visualizarregistrosempresas -->
  <testcase name="desplegardespachoparcial" time="0.0" classname="tests.loginTest">
    <ignored/>
  </testcase> <!-- desplegardespachoparcial -->
  <testcase name="nolistarlista" time="0.0" classname="tests.loginTest">
    <ignored/>
  </testcase> <!-- nolistarlista -->
  <testcase name="desactdesmoduloaccion" time="0.0" classname="tests.loginTest">
    <ignored/>
  </testcase> <!-- desactdesmoduloaccion -->
  <testcase name="sustituirproductosclientenoactivo" time="0.0" classname="tests.loginTest">
    <ignored/>
  </testcase> <!-- sustituirproductosclientenoactivo -->
  <testcase name="crearbodegaserpincorrecto" time="0.0" classname="tests.loginTest">
    <ignored/>
  </testcase> <!-- crearbodegaserpincorrecto -->
  <testcase name="buscarmodulosyacciones" time="0.0" classname="tests.loginTest">
    <ignored/>
  </testcase> <!-- buscarmodulosyacciones -->
  <testcase name="cargamasivalistasact" time="0.0" classname="tests.loginTest">
    <ignored/>
  </testcase> <!-- cargamasivalistasact -->
  <testcase name="exportardetalleoc" time="0.0" classname="tests.loginTest">
    <ignored/>
  </testcase> <!-- exportardetalleoc -->
  <testcase name="actualizardatoscargamasivasucursales" time="0.0" classname="tests.loginTest">
    <ignored/>
  </testcase> <!-- actualizardatoscargamasivasucursales -->
  <testcase name="cargamasivabodegasarchivoincorrecto" time="0.0" classname="tests.loginTest">
    <ignored/>
  </testcase> <!-- cargamasivabodegasarchivoincorrecto -->
  <testcase name="homologarsucursales" time="0.0" classname="tests.loginTest">
    <ignored/>
  </testcase> <!-- homologarsucursales -->
  <testcase name="liquidaroc" time="0.0" classname="tests.loginTest">
    <ignored/>
  </testcase> <!-- liquidaroc -->
  <testcase name="listadoreportesconf" time="0.0" classname="tests.loginTest">
    <ignored/>
  </testcase> <!-- listadoreportesconf -->
  <testcase name="editarproductoscamposvacios" time="0.0" classname="tests.loginTest">
    <ignored/>
  </testcase> <!-- editarproductoscamposvacios -->
  <testcase name="visualizarlistasdeprecios" time="0.0" classname="tests.loginTest">
    <ignored/>
  </testcase> <!-- visualizarlistasdeprecios -->
  <testcase name="editarclientescontelefonoinvalido" time="0.0" classname="tests.loginTest">
    <ignored/>
  </testcase> <!-- editarclientescontelefonoinvalido -->
  <testcase name="noactdesaunidades" time="0.0" classname="tests.loginTest">
    <ignored/>
  </testcase> <!-- noactdesaunidades -->
  <testcase name="cancelarcreaciondelistas" time="0.0" classname="tests.loginTest">
    <ignored/>
  </testcase> <!-- cancelarcreaciondelistas -->
  <testcase name="crearcategoriasarchivoincorrectoimagenes" time="0.0" classname="tests.loginTest">
    <ignored/>
  </testcase> <!-- crearcategoriasarchivoincorrectoimagenes -->
  <testcase name="nobuscarbodega" time="0.0" classname="tests.loginTest">
    <ignored/>
  </testcase> <!-- nobuscarbodega -->
  <testcase name="marcarurgenteoc" time="0.0" classname="tests.loginTest">
    <ignored/>
  </testcase> <!-- marcarurgenteoc -->
  <testcase name="nolistarproductos" time="0.0" classname="tests.loginTest">
    <ignored/>
  </testcase> <!-- nolistarproductos -->
  <testcase name="nolistarestados" time="0.0" classname="tests.loginTest">
    <ignored/>
  </testcase> <!-- nolistarestados -->
  <testcase name="desactivarunidades" time="0.0" classname="tests.loginTest">
    <ignored/>
  </testcase> <!-- desactivarunidades -->
  <testcase name="cargamasivabodegas" time="0.0" classname="tests.loginTest">
    <ignored/>
  </testcase> <!-- cargamasivabodegas -->
  <testcase name="crearbodegascamposvacios" time="0.0" classname="tests.loginTest">
    <ignored/>
  </testcase> <!-- crearbodegascamposvacios -->
  <testcase name="buscarclientes" time="0.0" classname="tests.loginTest">
    <ignored/>
  </testcase> <!-- buscarclientes -->
  <testcase name="editarlicencia" time="0.0" classname="tests.loginTest">
    <ignored/>
  </testcase> <!-- editarlicencia -->
  <testcase name="crearusuariocamposvacios" time="0.0" classname="tests.loginTest">
    <ignored/>
  </testcase> <!-- crearusuariocamposvacios -->
  <testcase name="volverallistado" time="0.0" classname="tests.loginTest">
    <ignored/>
  </testcase> <!-- volverallistado -->
  <testcase name="liberarocsolodetalleytitulo" time="0.0" classname="tests.loginTest">
    <ignored/>
  </testcase> <!-- liberarocsolodetalleytitulo -->
  <testcase name="noactdesareporteconf" time="0.0" classname="tests.loginTest">
    <ignored/>
  </testcase> <!-- noactdesareporteconf -->
  <testcase name="editarempresastelefonoincorrecto" time="0.0" classname="tests.loginTest">
    <ignored/>
  </testcase> <!-- editarempresastelefonoincorrecto -->
  <testcase name="crearroles" time="0.0" classname="tests.loginTest">
    <ignored/>
  </testcase> <!-- crearroles -->
  <testcase name="registrosusuarios" time="0.0" classname="tests.loginTest">
    <ignored/>
  </testcase> <!-- registrosusuarios -->
  <testcase name="editarusuario" time="0.0" classname="tests.loginTest">
    <ignored/>
  </testcase> <!-- editarusuario -->
  <testcase name="licenciasregistros" time="0.0" classname="tests.loginTest">
    <ignored/>
  </testcase> <!-- licenciasregistros -->
  <testcase name="cargamasivasucursales" time="0.0" classname="tests.loginTest">
    <ignored/>
  </testcase> <!-- cargamasivasucursales -->
  <testcase name="desactivarrolesusados" time="0.0" classname="tests.loginTest">
    <ignored/>
  </testcase> <!-- desactivarrolesusados -->
  <testcase name="creartiposcodigoexistente" time="0.0" classname="tests.loginTest">
    <ignored/>
  </testcase> <!-- creartiposcodigoexistente -->
  <testcase name="noactdesabodegas" time="0.0" classname="tests.loginTest">
    <ignored/>
  </testcase> <!-- noactdesabodegas -->
  <testcase name="cancelareditarunidades" time="0.0" classname="tests.loginTest">
    <ignored/>
  </testcase> <!-- cancelareditarunidades -->
  <testcase name="noconfigurarnotificaciones" time="0.0" classname="tests.loginTest">
    <ignored/>
  </testcase> <!-- noconfigurarnotificaciones -->
  <testcase name="reservadeproductos" time="0.0" classname="tests.loginTest">
    <ignored/>
  </testcase> <!-- reservadeproductos -->
  <testcase name="cargamasivalistasarchivoincorrecto" time="0.0" classname="tests.loginTest">
    <ignored/>
  </testcase> <!-- cargamasivalistasarchivoincorrecto -->
  <testcase name="nobuscarlistas" time="0.0" classname="tests.loginTest">
    <ignored/>
  </testcase> <!-- nobuscarlistas -->
  <testcase name="noactdesausuarios" time="0.0" classname="tests.loginTest">
    <ignored/>
  </testcase> <!-- noactdesausuarios -->
  <testcase name="cargamasivaproductos" time="0.0" classname="tests.loginTest">
    <ignored/>
  </testcase> <!-- cargamasivaproductos -->
  <testcase name="nobuscarempresas" time="0.0" classname="tests.loginTest">
    <ignored/>
  </testcase> <!-- nobuscarempresas -->
  <testcase name="cancelarflujodeestados" time="0.0" classname="tests.loginTest">
    <ignored/>
  </testcase> <!-- cancelarflujodeestados -->
  <testcase name="cancelarliberaroc" time="0.0" classname="tests.loginTest">
    <ignored/>
  </testcase> <!-- cancelarliberaroc -->
  <testcase name="listadoreportes" time="0.0" classname="tests.loginTest">
    <ignored/>
  </testcase> <!-- listadoreportes -->
  <testcase name="noactdesaproductos" time="0.0" classname="tests.loginTest">
    <ignored/>
  </testcase> <!-- noactdesaproductos -->
  <testcase name="homologarsucursalesregistors" time="0.0" classname="tests.loginTest">
    <ignored/>
  </testcase> <!-- homologarsucursalesregistors -->
  <testcase name="gestionarsucursales" time="0.0" classname="tests.loginTest">
    <ignored/>
  </testcase> <!-- gestionarsucursales -->
  <testcase name="cancelarreservadeproductos" time="0.0" classname="tests.loginTest">
    <ignored/>
  </testcase> <!-- cancelarreservadeproductos -->
  <testcase name="reservadeproductosfechaincorrecta" time="0.0" classname="tests.loginTest">
    <ignored/>
  </testcase> <!-- reservadeproductosfechaincorrecta -->
  <testcase name="editarsucursalescamposvacios" time="0.0" classname="tests.loginTest">
    <ignored/>
  </testcase> <!-- editarsucursalescamposvacios -->
  <testcase name="crearunidadeserpincorrecto" time="0.0" classname="tests.loginTest">
    <ignored/>
  </testcase> <!-- crearunidadeserpincorrecto -->
  <testcase name="usarmenorprecio" time="0.0" classname="tests.loginTest">
    <ignored/>
  </testcase> <!-- usarmenorprecio -->
  <testcase name="cancelarcargamasivaproductos" time="0.0" classname="tests.loginTest">
    <ignored/>
  </testcase> <!-- cancelarcargamasivaproductos -->
  <testcase name="configurarerpconsultavalida" time="0.0" classname="tests.loginTest">
    <ignored/>
  </testcase> <!-- configurarerpconsultavalida -->
  <testcase name="homologarproductocancelarcargamasiva" time="0.0" classname="tests.loginTest">
    <ignored/>
  </testcase> <!-- homologarproductocancelarcargamasiva -->
  <testcase name="desactivarlistadeprecios" time="0.0" classname="tests.loginTest">
    <ignored/>
  </testcase> <!-- desactivarlistadeprecios -->
  <testcase name="buscarestados" time="0.0" classname="tests.loginTest">
    <ignored/>
  </testcase> <!-- buscarestados -->
  <testcase name="homologarsucursalescargamasivaactualizar" time="0.0" classname="tests.loginTest">
    <ignored/>
  </testcase> <!-- homologarsucursalescargamasivaactualizar -->
  <testcase name="crearusuarioagregarroles" time="0.0" classname="tests.loginTest">
    <ignored/>
  </testcase> <!-- crearusuarioagregarroles -->
  <testcase name="cargamasivaproductoscamposvacios" time="0.0" classname="tests.loginTest">
    <ignored/>
  </testcase> <!-- cargamasivaproductoscamposvacios -->
  <testcase name="nolistarlicencias" time="0.0" classname="tests.loginTest">
    <ignored/>
  </testcase> <!-- nolistarlicencias -->
  <testcase name="crearclientesconrutincorrecto" time="0.0" classname="tests.loginTest">
    <ignored/>
  </testcase> <!-- crearclientesconrutincorrecto -->
  <testcase name="cancelarcrearusuario" time="0.0" classname="tests.loginTest">
    <ignored/>
  </testcase> <!-- cancelarcrearusuario -->
  <testcase name="flujodeestados" time="0.0" classname="tests.loginTest">
    <ignored/>
  </testcase> <!-- flujodeestados -->
  <testcase name="listadoestados" time="0.0" classname="tests.loginTest">
    <ignored/>
  </testcase> <!-- listadoestados -->
  <testcase name="despachoparcialprodnega" time="0.0" classname="tests.loginTest">
    <ignored/>
  </testcase> <!-- despachoparcialprodnega -->
  <testcase name="cancelarcrearroles" time="0.0" classname="tests.loginTest">
    <ignored/>
  </testcase> <!-- cancelarcrearroles -->
  <testcase name="homologarproducto" time="0.0" classname="tests.loginTest">
    <ignored/>
  </testcase> <!-- homologarproducto -->
  <testcase name="desactivarbodegas" time="0.0" classname="tests.loginTest">
    <ignored/>
  </testcase> <!-- desactivarbodegas -->
  <testcase name="activarroles" time="0.0" classname="tests.loginTest">
    <ignored/>
  </testcase> <!-- activarroles -->
  <testcase name="eliminarproductos" time="0.0" classname="tests.loginTest">
    <ignored/>
  </testcase> <!-- eliminarproductos -->
  <testcase name="configurarerpcorreosinvalidos" time="0.0" classname="tests.loginTest">
    <ignored/>
  </testcase> <!-- configurarerpcorreosinvalidos -->
  <testcase name="editarproductoscantidadincorrecto" time="0.0" classname="tests.loginTest">
    <ignored/>
  </testcase> <!-- editarproductoscantidadincorrecto -->
  <testcase name="desactivarlinea" time="0.0" classname="tests.loginTest">
    <ignored/>
  </testcase> <!-- desactivarlinea -->
  <testcase name="registrosconfreportes" time="0.0" classname="tests.loginTest">
    <ignored/>
  </testcase> <!-- registrosconfreportes -->
  <testcase name="buscartipo" time="0.0" classname="tests.loginTest">
    <ignored/>
  </testcase> <!-- buscartipo -->
  <testcase name="crearclientesconrutinvalido" time="0.0" classname="tests.loginTest">
    <ignored/>
  </testcase> <!-- crearclientesconrutinvalido -->
  <testcase name="cancelarcargamasivabodegas" time="0.0" classname="tests.loginTest">
    <ignored/>
  </testcase> <!-- cancelarcargamasivabodegas -->
  <testcase name="cancelarcreacioncategorias" time="0.0" classname="tests.loginTest">
    <ignored/>
  </testcase> <!-- cancelarcreacioncategorias -->
  <testcase name="copiarcartera" time="0.0" classname="tests.loginTest">
    <ignored/>
  </testcase> <!-- copiarcartera -->
  <testcase name="realizardespachoparcial" time="0.0" classname="tests.loginTest">
    <ignored/>
  </testcase> <!-- realizardespachoparcial -->
  <testcase name="cargamasivahomologarclientescamposvacios" time="0.0" classname="tests.loginTest">
    <ignored/>
  </testcase> <!-- cargamasivahomologarclientescamposvacios -->
  <testcase name="crearusuarioerpincorrecto" time="0.0" classname="tests.loginTest">
    <ignored/>
  </testcase> <!-- crearusuarioerpincorrecto -->
  <testcase name="detalledelaoc" time="0.0" classname="tests.loginTest">
    <ignored/>
  </testcase> <!-- detalledelaoc -->
  <testcase name="desactivarusuarios" time="0.0" classname="tests.loginTest">
    <ignored/>
  </testcase> <!-- desactivarusuarios -->
  <testcase name="crearunidades" time="0.0" classname="tests.loginTest">
    <ignored/>
  </testcase> <!-- crearunidades -->
  <testcase name="crearreportesconfigurados" time="0.0" classname="tests.loginTest">
    <ignored/>
  </testcase> <!-- crearreportesconfigurados -->
  <testcase name="crearunidadescamposvacios" time="0.0" classname="tests.loginTest">
    <ignored/>
  </testcase> <!-- crearunidadescamposvacios -->
  <testcase name="nopostdatearordenes" time="0.0" classname="tests.loginTest">
    <ignored/>
  </testcase> <!-- nopostdatearordenes -->
  <testcase name="cancelarconfigurarerp" time="0.0" classname="tests.loginTest">
    <ignored/>
  </testcase> <!-- cancelarconfigurarerp -->
  <testcase name="origenesdeinformacion" time="0.0" classname="tests.loginTest">
    <ignored/>
  </testcase> <!-- origenesdeinformacion -->
  <testcase name="liberaroc38" time="0.0" classname="tests.loginTest">
    <ignored/>
  </testcase> <!-- liberaroc38 -->
  <testcase name="visualizarregistroscategorias" time="0.0" classname="tests.loginTest">
    <ignored/>
  </testcase> <!-- visualizarregistroscategorias -->
  <testcase name="crearordenesusuarioexterno" time="0.0" classname="tests.loginTest">
    <ignored/>
  </testcase> <!-- crearordenesusuarioexterno -->
  <testcase name="despachoparcialcantsup" time="0.0" classname="tests.loginTest">
    <ignored/>
  </testcase> <!-- despachoparcialcantsup -->
  <testcase name="norealizardespachoparcialsaldorestante" time="0.0" classname="tests.loginTest">
    <ignored/>
  </testcase> <!-- norealizardespachoparcialsaldorestante -->
  <testcase name="liberaroc36" time="0.0" classname="tests.loginTest">
    <ignored/>
  </testcase> <!-- liberaroc36 -->
  <testcase name="liberaroc39" time="0.0" classname="tests.loginTest">
    <ignored/>
  </testcase> <!-- liberaroc39 -->
  <testcase name="liberaroc34" time="0.0" classname="tests.loginTest">
    <ignored/>
  </testcase> <!-- liberaroc34 -->
  <testcase name="cargamasivasucursalesdejandocamposvacios" time="0.0" classname="tests.loginTest">
    <ignored/>
  </testcase> <!-- cargamasivasucursalesdejandocamposvacios -->
  <testcase name="liberaroc37" time="0.0" classname="tests.loginTest">
    <ignored/>
  </testcase> <!-- liberaroc37 -->
  <testcase name="liberaroc32" time="0.0" classname="tests.loginTest">
    <ignored/>
  </testcase> <!-- liberaroc32 -->
  <testcase name="liberaroc35" time="0.0" classname="tests.loginTest">
    <ignored/>
  </testcase> <!-- liberaroc35 -->
  <testcase name="despachoparcialcancelarcantsup" time="0.0" classname="tests.loginTest">
    <ignored/>
  </testcase> <!-- despachoparcialcancelarcantsup -->
  <testcase name="liberaroc30" time="0.0" classname="tests.loginTest">
    <ignored/>
  </testcase> <!-- liberaroc30 -->
  <testcase name="liberaroc33" time="0.0" classname="tests.loginTest">
    <ignored/>
  </testcase> <!-- liberaroc33 -->
  <testcase name="liberaroc31" time="0.0" classname="tests.loginTest">
    <ignored/>
  </testcase> <!-- liberaroc31 -->
  <testcase name="crearusuarioeliminarroles" time="0.0" classname="tests.loginTest">
    <ignored/>
  </testcase> <!-- crearusuarioeliminarroles -->
  <testcase name="frecuenciadescargacamposvacios" time="0.0" classname="tests.loginTest">
    <ignored/>
  </testcase> <!-- frecuenciadescargacamposvacios -->
  <testcase name="nobuscarunidad" time="0.0" classname="tests.loginTest">
    <ignored/>
  </testcase> <!-- nobuscarunidad -->
  <testcase name="editarlistas" time="0.0" classname="tests.loginTest">
    <ignored/>
  </testcase> <!-- editarlistas -->
  <testcase name="cargamasivalistas" time="0.0" classname="tests.loginTest">
    <ignored/>
  </testcase> <!-- cargamasivalistas -->
  <testcase name="cargamasivaproductosarchivoincorrectos" time="0.0" classname="tests.loginTest">
    <ignored/>
  </testcase> <!-- cargamasivaproductosarchivoincorrectos -->
  <testcase name="noreservarproductos" time="0.0" classname="tests.loginTest">
    <ignored/>
  </testcase> <!-- noreservarproductos -->
  <testcase name="crearproductoscantidadincorrecto" time="0.0" classname="tests.loginTest">
    <ignored/>
  </testcase> <!-- crearproductoscantidadincorrecto -->
  <testcase name="cancelarorigenesdeinformacion" time="0.0" classname="tests.loginTest">
    <ignored/>
  </testcase> <!-- cancelarorigenesdeinformacion -->
  <testcase name="editarbodegasdejandocamposvacios" time="0.0" classname="tests.loginTest">
    <ignored/>
  </testcase> <!-- editarbodegasdejandocamposvacios -->
  <testcase name="crearempresasrutinvalido" time="0.0" classname="tests.loginTest">
    <ignored/>
  </testcase> <!-- crearempresasrutinvalido -->
  <testcase name="crearempresastelefonoincorrecto" time="0.0" classname="tests.loginTest">
    <ignored/>
  </testcase> <!-- crearempresastelefonoincorrecto -->
  <testcase name="liberaroc49" time="0.0" classname="tests.loginTest">
    <ignored/>
  </testcase> <!-- liberaroc49 -->
  <testcase name="nobuscarproductosalternativos" time="0.0" classname="tests.loginTest">
    <ignored/>
  </testcase> <!-- nobuscarproductosalternativos -->
  <testcase name="listadoproductos" time="0.0" classname="tests.loginTest">
    <ignored/>
  </testcase> <!-- listadoproductos -->
  <testcase name="liberaroc47" time="0.0" classname="tests.loginTest">
    <ignored/>
  </testcase> <!-- liberaroc47 -->
  <testcase name="buscarlicencias" time="0.0" classname="tests.loginTest">
    <ignored/>
  </testcase> <!-- buscarlicencias -->
  <testcase name="crearbodegas" time="0.0" classname="tests.loginTest">
    <ignored/>
  </testcase> <!-- crearbodegas -->
  <testcase name="liberaroc45" time="0.0" classname="tests.loginTest">
    <ignored/>
  </testcase> <!-- liberaroc45 -->
  <testcase name="cancelarcargamasivasucursales" time="0.0" classname="tests.loginTest">
    <ignored/>
  </testcase> <!-- cancelarcargamasivasucursales -->
  <testcase name="crearreportesconfiguradoscamposvacios" time="0.0" classname="tests.loginTest">
    <ignored/>
  </testcase> <!-- crearreportesconfiguradoscamposvacios -->
  <testcase name="buscarunidad" time="0.0" classname="tests.loginTest">
    <ignored/>
  </testcase> <!-- buscarunidad -->
  <testcase name="liberaroc48" time="0.0" classname="tests.loginTest">
    <ignored/>
  </testcase> <!-- liberaroc48 -->
  <testcase name="liberaroc43" time="0.0" classname="tests.loginTest">
    <ignored/>
  </testcase> <!-- liberaroc43 -->
  <testcase name="editartiposcodigosexistentes" time="0.0" classname="tests.loginTest">
    <ignored/>
  </testcase> <!-- editartiposcodigosexistentes -->
  <testcase name="liberaroc46" time="0.0" classname="tests.loginTest">
    <ignored/>
  </testcase> <!-- liberaroc46 -->
  <testcase name="homologarclienteerprepetido" time="0.0" classname="tests.loginTest">
    <ignored/>
  </testcase> <!-- homologarclienteerprepetido -->
  <testcase name="liberaroc41" time="0.0" classname="tests.loginTest">
    <ignored/>
  </testcase> <!-- liberaroc41 -->
  <testcase name="liberaroc44" time="0.0" classname="tests.loginTest">
    <ignored/>
  </testcase> <!-- liberaroc44 -->
  <testcase name="liberaroc42" time="0.0" classname="tests.loginTest">
    <ignored/>
  </testcase> <!-- liberaroc42 -->
  <testcase name="liberaroc40" time="0.0" classname="tests.loginTest">
    <ignored/>
  </testcase> <!-- liberaroc40 -->
  <testcase name="crearlistascamposnumeroexistente" time="0.0" classname="tests.loginTest">
    <ignored/>
  </testcase> <!-- crearlistascamposnumeroexistente -->
  <testcase name="registrosseleccionados" time="0.0" classname="tests.loginTest">
    <ignored/>
  </testcase> <!-- registrosseleccionados -->
  <testcase name="sincronizarordenes" time="0.0" classname="tests.loginTest">
    <ignored/>
  </testcase> <!-- sincronizarordenes -->
  <testcase name="homologarproductocargamasivacamposvacios" time="0.0" classname="tests.loginTest">
    <ignored/>
  </testcase> <!-- homologarproductocargamasivacamposvacios -->
  <testcase name="homologarproductodatosincorrectos" time="0.0" classname="tests.loginTest">
    <ignored/>
  </testcase> <!-- homologarproductodatosincorrectos -->
  <testcase name="desactivarcategoria" time="0.0" classname="tests.loginTest">
    <ignored/>
  </testcase> <!-- desactivarcategoria -->
  <testcase name="listadounidades" time="0.0" classname="tests.loginTest">
    <ignored/>
  </testcase> <!-- listadounidades -->
  <testcase name="cargamasivahomologarclientesarchivoincorrectos" time="0.0" classname="tests.loginTest">
    <ignored/>
  </testcase> <!-- cargamasivahomologarclientesarchivoincorrectos -->
  <testcase name="norealizabusquedaavanzada" time="0.0" classname="tests.loginTest">
    <ignored/>
  </testcase> <!-- norealizabusquedaavanzada -->
  <testcase name="visualizarregistrostipos" time="0.0" classname="tests.loginTest">
    <ignored/>
  </testcase> <!-- visualizarregistrostipos -->
  <testcase name="nolistarusuarios" time="0.0" classname="tests.loginTest">
    <ignored/>
  </testcase> <!-- nolistarusuarios -->
  <testcase name="editarlistascamponumerodatosexistentes" time="0.0" classname="tests.loginTest">
    <ignored/>
  </testcase> <!-- editarlistascamponumerodatosexistentes -->
  <testcase name="editarbodegaserpexistente" time="0.0" classname="tests.loginTest">
    <ignored/>
  </testcase> <!-- editarbodegaserpexistente -->
  <testcase name="loginfallido" time="0.0" classname="tests.loginTest">
    <ignored/>
  </testcase> <!-- loginfallido -->
  <testcase name="crearestadosnombreexistente" time="0.0" classname="tests.loginTest">
    <ignored/>
  </testcase> <!-- crearestadosnombreexistente -->
  <testcase name="liberaroc52" time="0.0" classname="tests.loginTest">
    <ignored/>
  </testcase> <!-- liberaroc52 -->
  <testcase name="liberaroc50" time="0.0" classname="tests.loginTest">
    <ignored/>
  </testcase> <!-- liberaroc50 -->
  <testcase name="origenesdeinformacionfrecuenciadescargacamposvacios" time="0.0" classname="tests.loginTest">
    <ignored/>
  </testcase> <!-- origenesdeinformacionfrecuenciadescargacamposvacios -->
  <testcase name="buscarlistas" time="0.0" classname="tests.loginTest">
    <ignored/>
  </testcase> <!-- buscarlistas -->
  <testcase name="liberaroc51" time="0.0" classname="tests.loginTest">
    <ignored/>
  </testcase> <!-- liberaroc51 -->
  <testcase name="editarclientesconcorreoinvalido" time="0.0" classname="tests.loginTest">
    <ignored/>
  </testcase> <!-- editarclientesconcorreoinvalido -->
  <testcase name="crearclientescontelefonoincorrecto" time="0.0" classname="tests.loginTest">
    <ignored/>
  </testcase> <!-- crearclientescontelefonoincorrecto -->
  <testcase name="editarusuarioagregarroles" time="0.0" classname="tests.loginTest">
    <ignored/>
  </testcase> <!-- editarusuarioagregarroles -->
  <testcase name="homologarsucursalescargamasivacamposincorrectos" time="0.0" classname="tests.loginTest">
    <ignored/>
  </testcase> <!-- homologarsucursalescargamasivacamposincorrectos -->
  <testcase name="exportarhomologarclientes" time="0.0" classname="tests.loginTest">
    <ignored/>
  </testcase> <!-- exportarhomologarclientes -->
  <testcase name="cancelarsustituirproductos" time="0.0" classname="tests.loginTest">
    <ignored/>
  </testcase> <!-- cancelarsustituirproductos -->
  <testcase name="buscarproductos" time="0.0" classname="tests.loginTest">
    <ignored/>
  </testcase> <!-- buscarproductos -->
  <testcase name="activarestados" time="0.0" classname="tests.loginTest">
    <ignored/>
  </testcase> <!-- activarestados -->
  <testcase name="listarempresas" time="0.0" classname="tests.loginTest">
    <ignored/>
  </testcase> <!-- listarempresas -->
  <testcase name="editarunidadeserpincorrecto" time="0.0" classname="tests.loginTest">
    <ignored/>
  </testcase> <!-- editarunidadeserpincorrecto -->
  <testcase name="creartipos" time="0.0" classname="tests.loginTest">
    <ignored/>
  </testcase> <!-- creartipos -->
  <testcase name="visualizarreporteconfecha" time="0.0" classname="tests.loginTest">
    <ignored/>
  </testcase> <!-- visualizarreporteconfecha -->
  <testcase name="editarempresasreestablecerdiseno" time="0.0" classname="tests.loginTest">
    <ignored/>
  </testcase> <!-- editarempresasreestablecerdiseno -->
  <testcase name="nolistarproductosalternativos" time="0.0" classname="tests.loginTest">
    <ignored/>
  </testcase> <!-- nolistarproductosalternativos -->
  <testcase name="cancelarhomologarsucursales" time="0.0" classname="tests.loginTest">
    <ignored/>
  </testcase> <!-- cancelarhomologarsucursales -->
  <testcase name="editarrolescamposvacios" time="0.0" classname="tests.loginTest">
    <ignored/>
  </testcase> <!-- editarrolescamposvacios -->
  <testcase name="visualizarregistros" time="0.0" classname="tests.loginTest">
    <ignored/>
  </testcase> <!-- visualizarregistros -->
  <testcase name="cancelareditartipos" time="0.0" classname="tests.loginTest">
    <ignored/>
  </testcase> <!-- cancelareditartipos -->
  <testcase name="editartiposcamposvacios" time="0.0" classname="tests.loginTest">
    <ignored/>
  </testcase> <!-- editartiposcamposvacios -->
  <testcase name="noliquidaroc" time="0.0" classname="tests.loginTest">
    <ignored/>
  </testcase> <!-- noliquidaroc -->
  <testcase name="cancelarconfdespachoparcialsaldorestante" time="0.0" classname="tests.loginTest">
    <ignored/>
  </testcase> <!-- cancelarconfdespachoparcialsaldorestante -->
  <testcase name="listadomodulosyacciones" time="0.0" classname="tests.loginTest">
    <ignored/>
  </testcase> <!-- listadomodulosyacciones -->
  <testcase name="liberarordenes" time="0.0" classname="tests.loginTest">
    <ignored/>
  </testcase> <!-- liberarordenes -->
  <testcase name="editarbodegaserpincorrecto" time="0.0" classname="tests.loginTest">
    <ignored/>
  </testcase> <!-- editarbodegaserpincorrecto -->
  <testcase name="activarreportesconfigurados" time="0.0" classname="tests.loginTest">
    <ignored/>
  </testcase> <!-- activarreportesconfigurados -->
  <testcase name="homologarproductocargamasivaactualizar" time="0.0" classname="tests.loginTest">
    <ignored/>
  </testcase> <!-- homologarproductocargamasivaactualizar -->
  <testcase name="nobuscarusuarios" time="0.0" classname="tests.loginTest">
    <ignored/>
  </testcase> <!-- nobuscarusuarios -->
  <testcase name="factorizar" time="0.0" classname="tests.loginTest">
    <ignored/>
  </testcase> <!-- factorizar -->
  <testcase name="cancelareditarestados" time="0.0" classname="tests.loginTest">
    <ignored/>
  </testcase> <!-- cancelareditarestados -->
  <testcase name="desactivartipos" time="0.0" classname="tests.loginTest">
    <ignored/>
  </testcase> <!-- desactivartipos -->
  <testcase name="configurarreglasdenegocio" time="0.0" classname="tests.loginTest">
    <ignored/>
  </testcase> <!-- configurarreglasdenegocio -->
  <testcase name="editarempresascamposvacios" time="0.0" classname="tests.loginTest">
    <ignored/>
  </testcase> <!-- editarempresascamposvacios -->
  <testcase name="homologarclienteasociarempresacliente" time="0.0" classname="tests.loginTest">
    <ignored/>
  </testcase> <!-- homologarclienteasociarempresacliente -->
  <testcase name="liberarordenesdif" time="0.0" classname="tests.loginTest">
    <ignored/>
  </testcase> <!-- liberarordenesdif -->
  <testcase name="crearcategoriascodigoexistente" time="0.0" classname="tests.loginTest">
    <ignored/>
  </testcase> <!-- crearcategoriascodigoexistente -->
  <testcase name="homologarsucursalesbusqueda" time="0.0" classname="tests.loginTest">
    <ignored/>
  </testcase> <!-- homologarsucursalesbusqueda -->
  <testcase name="crearempresasrutincorrecto" time="0.0" classname="tests.loginTest">
    <ignored/>
  </testcase> <!-- crearempresasrutincorrecto -->
  <testcase name="cargamasivaclientesdatosincorrectos" time="0.0" classname="tests.loginTest">
    <ignored/>
  </testcase> <!-- cargamasivaclientesdatosincorrectos -->
  <testcase name="editarlistasvisualizarregistrodeproductos" time="0.0" classname="tests.loginTest">
    <ignored/>
  </testcase> <!-- editarlistasvisualizarregistrodeproductos -->
  <testcase name="activarcategoria" time="0.0" classname="tests.loginTest">
    <ignored/>
  </testcase> <!-- activarcategoria -->
  <testcase name="editarclientes" time="0.0" classname="tests.loginTest">
    <ignored/>
  </testcase> <!-- editarclientes -->
  <testcase name="cancelarfactorizar" time="0.0" classname="tests.loginTest">
    <ignored/>
  </testcase> <!-- cancelarfactorizar -->
  <testcase name="sustituirproductos" time="0.0" classname="tests.loginTest">
    <ignored/>
  </testcase> <!-- sustituirproductos -->
  <testcase name="volverlistadotipos" time="0.0" classname="tests.loginTest">
    <ignored/>
  </testcase> <!-- volverlistadotipos -->
  <testcase name="configurarerpdeshfrecuencia" time="0.0" classname="tests.loginTest">
    <ignored/>
  </testcase> <!-- configurarerpdeshfrecuencia -->
  <testcase name="exportarreporte" time="0.0" classname="tests.loginTest">
    <ignored/>
  </testcase> <!-- exportarreporte -->
  <testcase name="origenesdeinformacionfrecuenciadescarga" time="0.0" classname="tests.loginTest">
    <ignored/>
  </testcase> <!-- origenesdeinformacionfrecuenciadescarga -->
  <testcase name="exportarsucursales" time="0.0" classname="tests.loginTest">
    <ignored/>
  </testcase> <!-- exportarsucursales -->
  <testcase name="desactivarsucursales" time="0.0" classname="tests.loginTest">
    <ignored/>
  </testcase> <!-- desactivarsucursales -->
  <testcase name="listarlicencias" time="0.0" classname="tests.loginTest">
    <ignored/>
  </testcase> <!-- listarlicencias -->
  <testcase name="cancelarhomologarproducto" time="0.0" classname="tests.loginTest">
    <ignored/>
  </testcase> <!-- cancelarhomologarproducto -->
  <testcase name="cancelarcreartipos" time="0.0" classname="tests.loginTest">
    <ignored/>
  </testcase> <!-- cancelarcreartipos -->
  <testcase name="buscarroles" time="0.0" classname="tests.loginTest">
    <ignored/>
  </testcase> <!-- buscarroles -->
  <testcase name="liberaroc18" time="0.0" classname="tests.loginTest">
    <ignored/>
  </testcase> <!-- liberaroc18 -->
  <testcase name="liberaroc16" time="0.0" classname="tests.loginTest">
    <ignored/>
  </testcase> <!-- liberaroc16 -->
  <testcase name="liberaroc19" time="0.0" classname="tests.loginTest">
    <ignored/>
  </testcase> <!-- liberaroc19 -->
  <testcase name="liberaroc14" time="0.0" classname="tests.loginTest">
    <ignored/>
  </testcase> <!-- liberaroc14 -->
  <testcase name="activartipos" time="0.0" classname="tests.loginTest">
    <ignored/>
  </testcase> <!-- activartipos -->
  <testcase name="liberaroc17" time="0.0" classname="tests.loginTest">
    <ignored/>
  </testcase> <!-- liberaroc17 -->
  <testcase name="editarcategoriascamposvacios" time="0.0" classname="tests.loginTest">
    <ignored/>
  </testcase> <!-- editarcategoriascamposvacios -->
  <testcase name="despachoparcialsaldorestanteprodneg" time="0.0" classname="tests.loginTest">
    <ignored/>
  </testcase> <!-- despachoparcialsaldorestanteprodneg -->
  <testcase name="liberaroc12" time="0.0" classname="tests.loginTest">
    <ignored/>
  </testcase> <!-- liberaroc12 -->
  <testcase name="liberaroc15" time="0.0" classname="tests.loginTest">
    <ignored/>
  </testcase> <!-- liberaroc15 -->
  <testcase name="notificaciones" time="0.0" classname="tests.loginTest">
    <ignored/>
  </testcase> <!-- notificaciones -->
  <testcase name="liberaroc10" time="0.0" classname="tests.loginTest">
    <ignored/>
  </testcase> <!-- liberaroc10 -->
  <testcase name="liberaroc13" time="0.0" classname="tests.loginTest">
    <ignored/>
  </testcase> <!-- liberaroc13 -->
  <testcase name="liberaroc11" time="0.0" classname="tests.loginTest">
    <ignored/>
  </testcase> <!-- liberaroc11 -->
  <testcase name="conexionserviciocamposvacios" time="0.0" classname="tests.loginTest">
    <ignored/>
  </testcase> <!-- conexionserviciocamposvacios -->
  <testcase name="editartipos" time="0.0" classname="tests.loginTest">
    <ignored/>
  </testcase> <!-- editartipos -->
  <testcase name="cancelarcreacionclientes" time="0.0" classname="tests.loginTest">
    <ignored/>
  </testcase> <!-- cancelarcreacionclientes -->
  <testcase name="listarclientes" time="0.0" classname="tests.loginTest">
    <ignored/>
  </testcase> <!-- listarclientes -->
  <testcase name="crearbodegasstockincorrecto" time="0.0" classname="tests.loginTest">
    <ignored/>
  </testcase> <!-- crearbodegasstockincorrecto -->
  <testcase name="desasociarsucursal" time="0.0" classname="tests.loginTest">
    <ignored/>
  </testcase> <!-- desasociarsucursal -->
  <testcase name="homologarclientedeshabilitarcliente" time="0.0" classname="tests.loginTest">
    <ignored/>
  </testcase> <!-- homologarclientedeshabilitarcliente -->
  <testcase name="liberaroc29" time="0.0" classname="tests.loginTest">
    <ignored/>
  </testcase> <!-- liberaroc29 -->
  <testcase name="liberaroc27" time="0.0" classname="tests.loginTest">
    <ignored/>
  </testcase> <!-- liberaroc27 -->
  <testcase name="liberaroc25" time="0.0" classname="tests.loginTest">
    <ignored/>
  </testcase> <!-- liberaroc25 -->
  <testcase name="liberaroc28" time="0.0" classname="tests.loginTest">
    <ignored/>
  </testcase> <!-- liberaroc28 -->
  <testcase name="liberaroc23" time="0.0" classname="tests.loginTest">
    <ignored/>
  </testcase> <!-- liberaroc23 -->
  <testcase name="liberaroc26" time="0.0" classname="tests.loginTest">
    <ignored/>
  </testcase> <!-- liberaroc26 -->
  <testcase name="activarempresa" time="0.0" classname="tests.loginTest">
    <ignored/>
  </testcase> <!-- activarempresa -->
  <testcase name="liberaroc21" time="0.0" classname="tests.loginTest">
    <ignored/>
  </testcase> <!-- liberaroc21 -->
  <testcase name="liberaroc24" time="0.0" classname="tests.loginTest">
    <ignored/>
  </testcase> <!-- liberaroc24 -->
  <testcase name="crearproductoscamposvacios" time="0.0" classname="tests.loginTest">
    <ignored/>
  </testcase> <!-- crearproductoscamposvacios -->
  <testcase name="homologarproductoregistros" time="0.0" classname="tests.loginTest">
    <ignored/>
  </testcase> <!-- homologarproductoregistros -->
  <testcase name="liberaroc22" time="0.0" classname="tests.loginTest">
    <ignored/>
  </testcase> <!-- liberaroc22 -->
  <testcase name="cargamasivabodegasactualizar" time="0.0" classname="tests.loginTest">
    <ignored/>
  </testcase> <!-- cargamasivabodegasactualizar -->
  <testcase name="nobuscarreportesconf" time="0.0" classname="tests.loginTest">
    <ignored/>
  </testcase> <!-- nobuscarreportesconf -->
  <testcase name="liberaroc20" time="0.0" classname="tests.loginTest">
    <ignored/>
  </testcase> <!-- liberaroc20 -->
  <testcase name="buscarempresas" time="0.0" classname="tests.loginTest">
    <ignored/>
  </testcase> <!-- buscarempresas -->
  <testcase name="cancelareditarlicencias" time="0.0" classname="tests.loginTest">
    <ignored/>
  </testcase> <!-- cancelareditarlicencias -->
  <testcase name="gestionarcartera" time="0.0" classname="tests.loginTest">
    <ignored/>
  </testcase> <!-- gestionarcartera -->
  <testcase name="buscarreportesconf" time="0.0" classname="tests.loginTest">
    <ignored/>
  </testcase> <!-- buscarreportesconf -->
  <testcase name="cancelareditarbodegas" time="0.0" classname="tests.loginTest">
    <ignored/>
  </testcase> <!-- cancelareditarbodegas -->
  <testcase name="editartiposcamposincorrectos" time="0.0" classname="tests.loginTest">
    <ignored/>
  </testcase> <!-- editartiposcamposincorrectos -->
  <testcase name="configurarerpcamposvacios" time="0.0" classname="tests.loginTest">
    <ignored/>
  </testcase> <!-- configurarerpcamposvacios -->
  <testcase name="gestionarlotes" time="0.0" classname="tests.loginTest">
    <ignored/>
  </testcase> <!-- gestionarlotes -->
  <testcase name="cancelareditarcategorias" time="0.0" classname="tests.loginTest">
    <ignored/>
  </testcase> <!-- cancelareditarcategorias -->
  <testcase name="cambioempresa" time="0.0" classname="tests.loginTest">
    <ignored/>
  </testcase> <!-- cambioempresa -->
  <testcase name="crearempresascamposvacios" time="0.0" classname="tests.loginTest">
    <ignored/>
  </testcase> <!-- crearempresascamposvacios -->
  <testcase name="exportarclientes" time="0.0" classname="tests.loginTest">
    <ignored/>
  </testcase> <!-- exportarclientes -->
  <testcase name="hipervinculo" time="0.0" classname="tests.loginTest">
    <ignored/>
  </testcase> <!-- hipervinculo -->
  <testcase name="crearlicenciacamposvacios" time="0.0" classname="tests.loginTest">
    <ignored/>
  </testcase> <!-- crearlicenciacamposvacios -->
  <testcase name="crearlistascampopreciodatosincorrectos" time="0.0" classname="tests.loginTest">
    <ignored/>
  </testcase> <!-- crearlistascampopreciodatosincorrectos -->
  <testcase name="cancelarcrearproductos" time="0.0" classname="tests.loginTest">
    <ignored/>
  </testcase> <!-- cancelarcrearproductos -->
  <testcase name="activarclientes" time="0.0" classname="tests.loginTest">
    <ignored/>
  </testcase> <!-- activarclientes -->
  <testcase name="nolistartipos" time="0.0" classname="tests.loginTest">
    <ignored/>
  </testcase> <!-- nolistartipos -->
  <testcase name="cancelareditarroles" time="0.0" classname="tests.loginTest">
    <ignored/>
  </testcase> <!-- cancelareditarroles -->
  <testcase name="homologarsucursalescaracteresespecialescamposcodigos" time="0.0" classname="tests.loginTest">
    <ignored/>
  </testcase> <!-- homologarsucursalescaracteresespecialescamposcodigos -->
  <testcase name="liberarocsolodetalle" time="0.0" classname="tests.loginTest">
    <ignored/>
  </testcase> <!-- liberarocsolodetalle -->
  <testcase name="editarlistasnobuscarproductos" time="0.0" classname="tests.loginTest">
    <ignored/>
  </testcase> <!-- editarlistasnobuscarproductos -->
  <testcase name="visualizarreporte" time="0.0" classname="tests.loginTest">
    <ignored/>
  </testcase> <!-- visualizarreporte -->
  <testcase name="editarproductoserpexistente" time="0.0" classname="tests.loginTest">
    <ignored/>
  </testcase> <!-- editarproductoserpexistente -->
  <testcase name="noactdesmoduloaccion" time="0.0" classname="tests.loginTest">
    <ignored/>
  </testcase> <!-- noactdesmoduloaccion -->
  <testcase name="visualizarregistrosclientes" time="0.0" classname="tests.loginTest">
    <ignored/>
  </testcase> <!-- visualizarregistrosclientes -->
  <testcase name="frecuenciadescarga" time="0.0" classname="tests.loginTest">
    <ignored/>
  </testcase> <!-- frecuenciadescarga -->
  <testcase name="editarlistasbuscarproductos" time="0.0" classname="tests.loginTest">
    <ignored/>
  </testcase> <!-- editarlistasbuscarproductos -->
  <testcase name="listadobodegas" time="0.0" classname="tests.loginTest">
    <ignored/>
  </testcase> <!-- listadobodegas -->
  <testcase name="cancelareditarsucursales" time="0.0" classname="tests.loginTest">
    <ignored/>
  </testcase> <!-- cancelareditarsucursales -->
  <testcase name="crearlistas" time="0.0" classname="tests.loginTest">
    <ignored/>
  </testcase> <!-- crearlistas -->
  <testcase name="volveralistadoempresas" time="0.0" classname="tests.loginTest">
    <ignored/>
  </testcase> <!-- volveralistadoempresas -->
  <testcase name="nolistarunidades" time="0.0" classname="tests.loginTest">
    <ignored/>
  </testcase> <!-- nolistarunidades -->
  <testcase name="cargamasivaproductosactualizar" time="0.0" classname="tests.loginTest">
    <ignored/>
  </testcase> <!-- cargamasivaproductosactualizar -->
  <testcase name="volverlistadoclientes" time="0.0" classname="tests.loginTest">
    <ignored/>
  </testcase> <!-- volverlistadoclientes -->
  <testcase name="crearempresasreestablecerdiseno" time="0.0" classname="tests.loginTest">
    <ignored/>
  </testcase> <!-- crearempresasreestablecerdiseno -->
  <testcase name="homologarsucursalesexportarformato" time="0.0" classname="tests.loginTest">
    <ignored/>
  </testcase> <!-- homologarsucursalesexportarformato -->
  <testcase name="listadoroles" time="0.0" classname="tests.loginTest">
    <ignored/>
  </testcase> <!-- listadoroles -->
  <testcase name="registrosproductos" time="0.0" classname="tests.loginTest">
    <ignored/>
  </testcase> <!-- registrosproductos -->
  <testcase name="agregarproductos" time="0.0" classname="tests.loginTest">
    <ignored/>
  </testcase> <!-- agregarproductos -->
  <testcase name="activarunidades" time="0.0" classname="tests.loginTest">
    <ignored/>
  </testcase> <!-- activarunidades -->
  <testcase name="cargamasivahomologarclientes" time="0.0" classname="tests.loginTest">
    <ignored/>
  </testcase> <!-- cargamasivahomologarclientes -->
  <testcase name="editarcategoriasarchivodiferenteimagenes" time="0.0" classname="tests.loginTest">
    <ignored/>
  </testcase> <!-- editarcategoriasarchivodiferenteimagenes -->
  <testcase name="cargamasivaproductosdatosincorrectos" time="0.0" classname="tests.loginTest">
    <ignored/>
  </testcase> <!-- cargamasivaproductosdatosincorrectos -->
  <testcase name="listadousuarios" time="0.0" classname="tests.loginTest">
    <ignored/>
  </testcase> <!-- listadousuarios -->
  <testcase name="editarlistascampopreciodatosincorrectos" time="0.0" classname="tests.loginTest">
    <ignored/>
  </testcase> <!-- editarlistascampopreciodatosincorrectos -->
  <testcase name="editarempresas" time="0.0" classname="tests.loginTest">
    <ignored/>
  </testcase> <!-- editarempresas -->
  <testcase name="registrosencarteradeclientes" time="0.0" classname="tests.loginTest">
    <ignored/>
  </testcase> <!-- registrosencarteradeclientes -->
  <testcase name="crearusuarioexterno" time="0.0" classname="tests.loginTest">
    <ignored/>
  </testcase> <!-- crearusuarioexterno -->
  <testcase name="visualizardashboard" time="0.0" classname="tests.loginTest">
    <ignored/>
  </testcase> <!-- visualizardashboard -->
  <testcase name="cancelarcrearlicencia" time="0.0" classname="tests.loginTest">
    <ignored/>
  </testcase> <!-- cancelarcrearlicencia -->
  <testcase name="editarlistascamponumerodatosincorrectos" time="0.0" classname="tests.loginTest">
    <ignored/>
  </testcase> <!-- editarlistascamponumerodatosincorrectos -->
  <testcase name="nolistarempresas" time="0.0" classname="tests.loginTest">
    <ignored/>
  </testcase> <!-- nolistarempresas -->
  <testcase name="cancelaredicionlistasdeprecios" time="0.0" classname="tests.loginTest">
    <ignored/>
  </testcase> <!-- cancelaredicionlistasdeprecios -->
  <testcase name="crearlicenciarestringemensual" time="0.0" classname="tests.loginTest">
    <ignored/>
  </testcase> <!-- crearlicenciarestringemensual -->
  <testcase name="eliminarorigenesdeinformacionconordenesasociadas" time="0.0" classname="tests.loginTest">
    <ignored/>
  </testcase> <!-- eliminarorigenesdeinformacionconordenesasociadas -->
  <testcase name="editarcategoriascodigoexistente" time="0.0" classname="tests.loginTest">
    <ignored/>
  </testcase> <!-- editarcategoriascodigoexistente -->
  <testcase name="crearunidadeserpexistente" time="0.0" classname="tests.loginTest">
    <ignored/>
  </testcase> <!-- crearunidadeserpexistente -->
  <testcase name="nosincronizarordenes" time="0.0" classname="tests.loginTest">
    <ignored/>
  </testcase> <!-- nosincronizarordenes -->
  <testcase name="nobuscarestados" time="0.0" classname="tests.loginTest">
    <ignored/>
  </testcase> <!-- nobuscarestados -->
  <testcase name="reservadeproductossincliente" time="0.0" classname="tests.loginTest">
    <ignored/>
  </testcase> <!-- reservadeproductossincliente -->
  <testcase name="cargamasivaclientesarchivoincorrectos" time="0.0" classname="tests.loginTest">
    <ignored/>
  </testcase> <!-- cargamasivaclientesarchivoincorrectos -->
  <testcase name="editarusuariocamposvacios" time="0.0" classname="tests.loginTest">
    <ignored/>
  </testcase> <!-- editarusuariocamposvacios -->
  <testcase name="cargamasivabodegascamposvacios" time="0.0" classname="tests.loginTest">
    <ignored/>
  </testcase> <!-- cargamasivabodegascamposvacios -->
  <testcase name="editarlistascamposvacio" time="0.0" classname="tests.loginTest">
    <ignored/>
  </testcase> <!-- editarlistascamposvacio -->
  <testcase name="nobuscarcategorias" time="0.0" classname="tests.loginTest">
    <ignored/>
  </testcase> <!-- nobuscarcategorias -->
  <testcase name="registrosmodulosyacciones" time="0.0" classname="tests.loginTest">
    <ignored/>
  </testcase> <!-- registrosmodulosyacciones -->
  <testcase name="cancelarconexionservicio" time="0.0" classname="tests.loginTest">
    <ignored/>
  </testcase> <!-- cancelarconexionservicio -->
  <testcase name="nocambiacontrasena" time="0.0" classname="tests.loginTest">
    <ignored/>
  </testcase> <!-- nocambiacontrasena -->
  <testcase name="cargamasivahomologarclientesdatosincorrectos" time="0.0" classname="tests.loginTest">
    <ignored/>
  </testcase> <!-- cargamasivahomologarclientesdatosincorrectos -->
</testsuite> <!-- Test_spoc -->
