<?xml version="1.0" encoding="UTF-8"?>
<!-- Generated by org.testng.reporters.JUnitXMLReporter -->
<testsuite hostname="Extrn_bmartinez" ignored="2" name="Test_nuevo" tests="5" failures="0" timestamp="06 may 2021 01:58:24 GMT" time="134.659" errors="0">
  <testcase name="agregarblusa" time="33.503" classname="tests.loginTest"/>
  <testcase name="crearcuenta" time="36.883" classname="tests.loginTest"/>
  <testcase name="ordencompleta" time="27.391" classname="tests.loginTest"/>
  <testcase name="historiaordenes" time="27.078" classname="tests.loginTest"/>
  <testcase name="cerrarsesion" time="9.272" classname="tests.loginTest"/>
  <testcase name="assertcarrito" time="0.0" classname="tests.loginTest">
    <ignored/>
  </testcase> <!-- assertcarrito -->
  <testcase name="agregarvestido" time="0.0" classname="tests.loginTest">
    <ignored/>
  </testcase> <!-- agregarvestido -->
</testsuite> <!-- Test_nuevo -->
